This is pdfTeX, Version 3.141592653-2.6-1.40.25 (TeX Live 2023) (preloaded format=pdflatex 2023.5.9)  26 JUN 2023 15:35
entering extended mode
 restricted \write18 enabled.
 file:line:error style messages enabled.
 %&-line parsing enabled.
**progress-report-beamer.tex
(./progress-report-beamer.tex
LaTeX2e <2022-11-01> patch level 1
L3 programming layer <2023-05-05> (/home/huntfeng/texlive/2023/texmf-dist/tex/latex/beamer/beamer.cls
Document Class: beamer 2023/05/15 v3.70 A class for typesetting presentations
(/home/huntfeng/texlive/2023/texmf-dist/tex/latex/beamer/beamerbasemodes.sty (/home/huntfeng/texlive/2023/texmf-dist/tex/latex/etoolbox/etoolbox.sty
Package: etoolbox 2020/10/05 v2.5k e-TeX tools for LaTeX (JAW)
\etb@tempcnta=\count185
)
\beamer@tempbox=\box51
\beamer@tempcount=\count186
\c@beamerpauses=\count187
 (/home/huntfeng/texlive/2023/texmf-dist/tex/latex/beamer/beamerbasedecode.sty
\beamer@slideinframe=\count188
\beamer@minimum=\count189
\beamer@decode@box=\box52
)
\beamer@commentbox=\box53
\beamer@modecount=\count190
) (/home/huntfeng/texlive/2023/texmf-dist/tex/generic/iftex/iftex.sty
Package: iftex 2022/02/03 v1.0f TeX engine tests
)
\headdp=\dimen140
\footheight=\dimen141
\sidebarheight=\dimen142
\beamer@tempdim=\dimen143
\beamer@finalheight=\dimen144
\beamer@animht=\dimen145
\beamer@animdp=\dimen146
\beamer@animwd=\dimen147
\beamer@leftmargin=\dimen148
\beamer@rightmargin=\dimen149
\beamer@leftsidebar=\dimen150
\beamer@rightsidebar=\dimen151
\beamer@boxsize=\dimen152
\beamer@vboxoffset=\dimen153
\beamer@descdefault=\dimen154
\beamer@descriptionwidth=\dimen155
\beamer@lastskip=\skip48
\beamer@areabox=\box54
\beamer@animcurrent=\box55
\beamer@animshowbox=\box56
\beamer@sectionbox=\box57
\beamer@logobox=\box58
\beamer@linebox=\box59
\beamer@sectioncount=\count191
\beamer@subsubsectionmax=\count192
\beamer@subsectionmax=\count193
\beamer@sectionmax=\count194
\beamer@totalheads=\count195
\beamer@headcounter=\count196
\beamer@partstartpage=\count197
\beamer@sectionstartpage=\count198
\beamer@subsectionstartpage=\count199
\beamer@animationtempa=\count266
\beamer@animationtempb=\count267
\beamer@xpos=\count268
\beamer@ypos=\count269
\beamer@ypos@offset=\count270
\beamer@showpartnumber=\count271
\beamer@currentsubsection=\count272
\beamer@coveringdepth=\count273
\beamer@sectionadjust=\count274
\beamer@toclastsection=\count275
\beamer@tocsectionnumber=\count276
 (/home/huntfeng/texlive/2023/texmf-dist/tex/latex/beamer/beamerbaseoptions.sty (/home/huntfeng/texlive/2023/texmf-dist/tex/latex/graphics/keyval.sty
Package: keyval 2022/05/29 v1.15 key=value parser (DPC)
\KV@toks@=\toks16
))
\beamer@paperwidth=\skip49
\beamer@paperheight=\skip50
 (/home/huntfeng/texlive/2023/texmf-dist/tex/latex/geometry/geometry.sty
Package: geometry 2020/01/02 v5.9 Page Geometry
 (/home/huntfeng/texlive/2023/texmf-dist/tex/generic/iftex/ifvtex.sty
Package: ifvtex 2019/10/25 v1.7 ifvtex legacy package. Use iftex instead.
)
\Gm@cnth=\count277
\Gm@cntv=\count278
\c@Gm@tempcnt=\count279
\Gm@bindingoffset=\dimen156
\Gm@wd@mp=\dimen157
\Gm@odd@mp=\dimen158
\Gm@even@mp=\dimen159
\Gm@layoutwidth=\dimen160
\Gm@layoutheight=\dimen161
\Gm@layouthoffset=\dimen162
\Gm@layoutvoffset=\dimen163
\Gm@dimlist=\toks17
) (/home/huntfeng/texlive/2023/texmf-dist/tex/latex/pgf/math/pgfmath.sty (/home/huntfeng/texlive/2023/texmf-dist/tex/latex/pgf/utilities/pgfrcs.sty (/home/huntfeng/texlive/2023/texmf-dist/tex/generic/pgf/utilities/pgfutil-common.tex
\pgfutil@everybye=\toks18
\pgfutil@tempdima=\dimen164
\pgfutil@tempdimb=\dimen165
) (/home/huntfeng/texlive/2023/texmf-dist/tex/generic/pgf/utilities/pgfutil-latex.def
\pgfutil@abb=\box60
) (/home/huntfeng/texlive/2023/texmf-dist/tex/generic/pgf/utilities/pgfrcs.code.tex (/home/huntfeng/texlive/2023/texmf-dist/tex/generic/pgf/pgf.revision.tex)
Package: pgfrcs 2023-01-15 v3.1.10 (3.1.10)
)) (/home/huntfeng/texlive/2023/texmf-dist/tex/latex/pgf/utilities/pgfkeys.sty (/home/huntfeng/texlive/2023/texmf-dist/tex/generic/pgf/utilities/pgfkeys.code.tex
\pgfkeys@pathtoks=\toks19
\pgfkeys@temptoks=\toks20
 (/home/huntfeng/texlive/2023/texmf-dist/tex/generic/pgf/utilities/pgfkeyslibraryfiltered.code.tex
\pgfkeys@tmptoks=\toks21
))) (/home/huntfeng/texlive/2023/texmf-dist/tex/generic/pgf/math/pgfmath.code.tex (/home/huntfeng/texlive/2023/texmf-dist/tex/generic/pgf/math/pgfmathutil.code.tex
\pgf@x=\dimen166
\pgf@xa=\dimen167
\pgf@xb=\dimen168
\pgf@xc=\dimen169
\pgf@y=\dimen170
\pgf@ya=\dimen171
\pgf@yb=\dimen172
\pgf@yc=\dimen173
\c@pgf@counta=\count280
\c@pgf@countb=\count281
\c@pgf@countc=\count282
\c@pgf@countd=\count283
) (/home/huntfeng/texlive/2023/texmf-dist/tex/generic/pgf/math/pgfmathparser.code.tex
\pgfmath@dimen=\dimen174
\pgfmath@count=\count284
\pgfmath@box=\box61
\pgfmath@toks=\toks22
\pgfmath@stack@operand=\toks23
\pgfmath@stack@operation=\toks24
) (/home/huntfeng/texlive/2023/texmf-dist/tex/generic/pgf/math/pgfmathfunctions.code.tex) (/home/huntfeng/texlive/2023/texmf-dist/tex/generic/pgf/math/pgfmathfunctions.basic.code.tex) (/home/huntfeng/texlive/2023/texmf-dist/tex/generic/pgf/math/pgfmathfunctions.trigonometric.code.tex) (/home/huntfeng/texlive/2023/texmf-dist/tex/generic/pgf/math/pgfmathfunctions.random.code.tex)
(/home/huntfeng/texlive/2023/texmf-dist/tex/generic/pgf/math/pgfmathfunctions.comparison.code.tex) (/home/huntfeng/texlive/2023/texmf-dist/tex/generic/pgf/math/pgfmathfunctions.base.code.tex) (/home/huntfeng/texlive/2023/texmf-dist/tex/generic/pgf/math/pgfmathfunctions.round.code.tex) (/home/huntfeng/texlive/2023/texmf-dist/tex/generic/pgf/math/pgfmathfunctions.misc.code.tex) (/home/huntfeng/texlive/2023/texmf-dist/tex/generic/pgf/math/pgfmathfunctions.integerarithmetics.code.tex) (/home/huntfeng/texlive/2023/texmf-dist/tex/generic/pgf/math/pgfmathcalc.code.tex) (/home/huntfeng/texlive/2023/texmf-dist/tex/generic/pgf/math/pgfmathfloat.code.tex
\c@pgfmathroundto@lastzeros=\count285
))) (/home/huntfeng/texlive/2023/texmf-dist/tex/latex/base/size11.clo
File: size11.clo 2022/07/02 v1.4n Standard LaTeX file (size option)
) (/home/huntfeng/texlive/2023/texmf-dist/tex/latex/pgf/basiclayer/pgfcore.sty (/home/huntfeng/texlive/2023/texmf-dist/tex/latex/graphics/graphicx.sty
Package: graphicx 2021/09/16 v1.2d Enhanced LaTeX Graphics (DPC,SPQR)
 (/home/huntfeng/texlive/2023/texmf-dist/tex/latex/graphics/graphics.sty
Package: graphics 2022/03/10 v1.4e Standard LaTeX Graphics (DPC,SPQR)
 (/home/huntfeng/texlive/2023/texmf-dist/tex/latex/graphics/trig.sty
Package: trig 2021/08/11 v1.11 sin cos tan (DPC)
) (/home/huntfeng/texlive/2023/texmf-dist/tex/latex/graphics-cfg/graphics.cfg
File: graphics.cfg 2016/06/04 v1.11 sample graphics configuration
)
Package graphics Info: Driver file: pdftex.def on input line 107.
 (/home/huntfeng/texlive/2023/texmf-dist/tex/latex/graphics-def/pdftex.def
File: pdftex.def 2022/09/22 v1.2b Graphics/color driver for pdftex
))
\Gin@req@height=\dimen175
\Gin@req@width=\dimen176
) (/home/huntfeng/texlive/2023/texmf-dist/tex/latex/pgf/systemlayer/pgfsys.sty (/home/huntfeng/texlive/2023/texmf-dist/tex/generic/pgf/systemlayer/pgfsys.code.tex
Package: pgfsys 2023-01-15 v3.1.10 (3.1.10)
\pgf@x=\dimen177
\pgf@y=\dimen178
\pgf@xa=\dimen179
\pgf@ya=\dimen180
\pgf@xb=\dimen181
\pgf@yb=\dimen182
\pgf@xc=\dimen183
\pgf@yc=\dimen184
\pgf@xd=\dimen185
\pgf@yd=\dimen186
\w@pgf@writea=\write3
\r@pgf@reada=\read2
\c@pgf@counta=\count286
\c@pgf@countb=\count287
\c@pgf@countc=\count288
\c@pgf@countd=\count289
\t@pgf@toka=\toks25
\t@pgf@tokb=\toks26
\t@pgf@tokc=\toks27
\pgf@sys@id@count=\count290
 (/home/huntfeng/texlive/2023/texmf-dist/tex/generic/pgf/systemlayer/pgf.cfg
File: pgf.cfg 2023-01-15 v3.1.10 (3.1.10)
)
Driver file for pgf: pgfsys-pdftex.def
 (/home/huntfeng/texlive/2023/texmf-dist/tex/generic/pgf/systemlayer/pgfsys-pdftex.def
File: pgfsys-pdftex.def 2023-01-15 v3.1.10 (3.1.10)
 (/home/huntfeng/texlive/2023/texmf-dist/tex/generic/pgf/systemlayer/pgfsys-common-pdf.def
File: pgfsys-common-pdf.def 2023-01-15 v3.1.10 (3.1.10)
))) (/home/huntfeng/texlive/2023/texmf-dist/tex/generic/pgf/systemlayer/pgfsyssoftpath.code.tex
File: pgfsyssoftpath.code.tex 2023-01-15 v3.1.10 (3.1.10)
\pgfsyssoftpath@smallbuffer@items=\count291
\pgfsyssoftpath@bigbuffer@items=\count292
) (/home/huntfeng/texlive/2023/texmf-dist/tex/generic/pgf/systemlayer/pgfsysprotocol.code.tex
File: pgfsysprotocol.code.tex 2023-01-15 v3.1.10 (3.1.10)
)) (/home/huntfeng/texlive/2023/texmf-dist/tex/latex/xcolor/xcolor.sty
Package: xcolor 2022/06/12 v2.14 LaTeX color extensions (UK)
 (/home/huntfeng/texlive/2023/texmf-dist/tex/latex/graphics-cfg/color.cfg
File: color.cfg 2016/01/02 v1.6 sample color configuration
)
Package xcolor Info: Driver file: pdftex.def on input line 227.
 (/home/huntfeng/texlive/2023/texmf-dist/tex/latex/graphics/mathcolor.ltx)
Package xcolor Info: Model `cmy' substituted by `cmy0' on input line 1353.
Package xcolor Info: Model `hsb' substituted by `rgb' on input line 1357.
Package xcolor Info: Model `RGB' extended on input line 1369.
Package xcolor Info: Model `HTML' substituted by `rgb' on input line 1371.
Package xcolor Info: Model `Hsb' substituted by `hsb' on input line 1372.
Package xcolor Info: Model `tHsb' substituted by `hsb' on input line 1373.
Package xcolor Info: Model `HSB' substituted by `hsb' on input line 1374.
Package xcolor Info: Model `Gray' substituted by `gray' on input line 1375.
Package xcolor Info: Model `wave' substituted by `hsb' on input line 1376.
)
(/home/huntfeng/texlive/2023/texmf-dist/tex/generic/pgf/basiclayer/pgfcore.code.tex
Package: pgfcore 2023-01-15 v3.1.10 (3.1.10)
 (/home/huntfeng/texlive/2023/texmf-dist/tex/generic/pgf/math/pgfint.code.tex) (/home/huntfeng/texlive/2023/texmf-dist/tex/generic/pgf/basiclayer/pgfcorepoints.code.tex
File: pgfcorepoints.code.tex 2023-01-15 v3.1.10 (3.1.10)
\pgf@picminx=\dimen187
\pgf@picmaxx=\dimen188
\pgf@picminy=\dimen189
\pgf@picmaxy=\dimen190
\pgf@pathminx=\dimen191
\pgf@pathmaxx=\dimen192
\pgf@pathminy=\dimen193
\pgf@pathmaxy=\dimen194
\pgf@xx=\dimen195
\pgf@xy=\dimen196
\pgf@yx=\dimen197
\pgf@yy=\dimen198
\pgf@zx=\dimen199
\pgf@zy=\dimen256
) (/home/huntfeng/texlive/2023/texmf-dist/tex/generic/pgf/basiclayer/pgfcorepathconstruct.code.tex
File: pgfcorepathconstruct.code.tex 2023-01-15 v3.1.10 (3.1.10)
\pgf@path@lastx=\dimen257
\pgf@path@lasty=\dimen258
) (/home/huntfeng/texlive/2023/texmf-dist/tex/generic/pgf/basiclayer/pgfcorepathusage.code.tex
File: pgfcorepathusage.code.tex 2023-01-15 v3.1.10 (3.1.10)
\pgf@shorten@end@additional=\dimen259
\pgf@shorten@start@additional=\dimen260
) (/home/huntfeng/texlive/2023/texmf-dist/tex/generic/pgf/basiclayer/pgfcorescopes.code.tex
File: pgfcorescopes.code.tex 2023-01-15 v3.1.10 (3.1.10)
\pgfpic=\box62
\pgf@hbox=\box63
\pgf@layerbox@main=\box64
\pgf@picture@serial@count=\count293
) (/home/huntfeng/texlive/2023/texmf-dist/tex/generic/pgf/basiclayer/pgfcoregraphicstate.code.tex
File: pgfcoregraphicstate.code.tex 2023-01-15 v3.1.10 (3.1.10)
\pgflinewidth=\dimen261
) (/home/huntfeng/texlive/2023/texmf-dist/tex/generic/pgf/basiclayer/pgfcoretransformations.code.tex
File: pgfcoretransformations.code.tex 2023-01-15 v3.1.10 (3.1.10)
\pgf@pt@x=\dimen262
\pgf@pt@y=\dimen263
\pgf@pt@temp=\dimen264
) (/home/huntfeng/texlive/2023/texmf-dist/tex/generic/pgf/basiclayer/pgfcorequick.code.tex
File: pgfcorequick.code.tex 2023-01-15 v3.1.10 (3.1.10)
) (/home/huntfeng/texlive/2023/texmf-dist/tex/generic/pgf/basiclayer/pgfcoreobjects.code.tex
File: pgfcoreobjects.code.tex 2023-01-15 v3.1.10 (3.1.10)
) (/home/huntfeng/texlive/2023/texmf-dist/tex/generic/pgf/basiclayer/pgfcorepathprocessing.code.tex
File: pgfcorepathprocessing.code.tex 2023-01-15 v3.1.10 (3.1.10)
) (/home/huntfeng/texlive/2023/texmf-dist/tex/generic/pgf/basiclayer/pgfcorearrows.code.tex
File: pgfcorearrows.code.tex 2023-01-15 v3.1.10 (3.1.10)
\pgfarrowsep=\dimen265
) (/home/huntfeng/texlive/2023/texmf-dist/tex/generic/pgf/basiclayer/pgfcoreshade.code.tex
File: pgfcoreshade.code.tex 2023-01-15 v3.1.10 (3.1.10)
\pgf@max=\dimen266
\pgf@sys@shading@range@num=\count294
\pgf@shadingcount=\count295
) (/home/huntfeng/texlive/2023/texmf-dist/tex/generic/pgf/basiclayer/pgfcoreimage.code.tex
File: pgfcoreimage.code.tex 2023-01-15 v3.1.10 (3.1.10)
) (/home/huntfeng/texlive/2023/texmf-dist/tex/generic/pgf/basiclayer/pgfcoreexternal.code.tex
File: pgfcoreexternal.code.tex 2023-01-15 v3.1.10 (3.1.10)
\pgfexternal@startupbox=\box65
) (/home/huntfeng/texlive/2023/texmf-dist/tex/generic/pgf/basiclayer/pgfcorelayers.code.tex
File: pgfcorelayers.code.tex 2023-01-15 v3.1.10 (3.1.10)
) (/home/huntfeng/texlive/2023/texmf-dist/tex/generic/pgf/basiclayer/pgfcoretransparency.code.tex
File: pgfcoretransparency.code.tex 2023-01-15 v3.1.10 (3.1.10)
) (/home/huntfeng/texlive/2023/texmf-dist/tex/generic/pgf/basiclayer/pgfcorepatterns.code.tex
File: pgfcorepatterns.code.tex 2023-01-15 v3.1.10 (3.1.10)
) (/home/huntfeng/texlive/2023/texmf-dist/tex/generic/pgf/basiclayer/pgfcorerdf.code.tex
File: pgfcorerdf.code.tex 2023-01-15 v3.1.10 (3.1.10)
))) (/home/huntfeng/texlive/2023/texmf-dist/tex/latex/pgf/utilities/xxcolor.sty
Package: xxcolor 2003/10/24 ver 0.1
\XC@nummixins=\count296
\XC@countmixins=\count297
) (/home/huntfeng/texlive/2023/texmf-dist/tex/latex/base/atbegshi-ltx.sty
Package: atbegshi-ltx 2021/01/10 v1.0c Emulation of the original atbegshi
package with kernel methods
) (/home/huntfeng/texlive/2023/texmf-dist/tex/latex/hyperref/hyperref.sty
Package: hyperref 2023-04-22 v7.00x Hypertext links for LaTeX

(/home/huntfeng/texlive/2023/texmf-dist/tex/generic/ltxcmds/ltxcmds.sty
Package: ltxcmds 2020-05-10 v1.25 LaTeX kernel commands for general use (HO)
) (/home/huntfeng/texlive/2023/texmf-dist/tex/generic/pdftexcmds/pdftexcmds.sty
Package: pdftexcmds 2020-06-27 v0.33 Utility functions of pdfTeX for LuaTeX (HO)
 (/home/huntfeng/texlive/2023/texmf-dist/tex/generic/infwarerr/infwarerr.sty
Package: infwarerr 2019/12/03 v1.5 Providing info/warning/error messages (HO)
)
Package pdftexcmds Info: \pdf@primitive is available.
Package pdftexcmds Info: \pdf@ifprimitive is available.
Package pdftexcmds Info: \pdfdraftmode found.
) (/home/huntfeng/texlive/2023/texmf-dist/tex/latex/kvsetkeys/kvsetkeys.sty
Package: kvsetkeys 2022-10-05 v1.19 Key value parser (HO)
) (/home/huntfeng/texlive/2023/texmf-dist/tex/generic/kvdefinekeys/kvdefinekeys.sty
Package: kvdefinekeys 2019-12-19 v1.6 Define keys (HO)
) (/home/huntfeng/texlive/2023/texmf-dist/tex/generic/pdfescape/pdfescape.sty
Package: pdfescape 2019/12/09 v1.15 Implements pdfTeX's escape features (HO)
) (/home/huntfeng/texlive/2023/texmf-dist/tex/latex/hycolor/hycolor.sty
Package: hycolor 2020-01-27 v1.10 Color options for hyperref/bookmark (HO)
) (/home/huntfeng/texlive/2023/texmf-dist/tex/latex/letltxmacro/letltxmacro.sty
Package: letltxmacro 2019/12/03 v1.6 Let assignment for LaTeX macros (HO)
) (/home/huntfeng/texlive/2023/texmf-dist/tex/latex/auxhook/auxhook.sty
Package: auxhook 2019-12-17 v1.6 Hooks for auxiliary files (HO)
) (/home/huntfeng/texlive/2023/texmf-dist/tex/latex/hyperref/nameref.sty
Package: nameref 2022-05-17 v2.50 Cross-referencing by name of section
 (/home/huntfeng/texlive/2023/texmf-dist/tex/latex/refcount/refcount.sty
Package: refcount 2019/12/15 v3.6 Data extraction from label references (HO)
) (/home/huntfeng/texlive/2023/texmf-dist/tex/generic/gettitlestring/gettitlestring.sty
Package: gettitlestring 2019/12/15 v1.6 Cleanup title references (HO)
 (/home/huntfeng/texlive/2023/texmf-dist/tex/latex/kvoptions/kvoptions.sty
Package: kvoptions 2022-06-15 v3.15 Key value format for package options (HO)
))
\c@section@level=\count298
)
\@linkdim=\dimen267
\Hy@linkcounter=\count299
\Hy@pagecounter=\count300
 (/home/huntfeng/texlive/2023/texmf-dist/tex/latex/hyperref/pd1enc.def
File: pd1enc.def 2023-04-22 v7.00x Hyperref: PDFDocEncoding definition (HO)
Now handling font encoding PD1 ...
... no UTF-8 mapping file for font encoding PD1
) (/home/huntfeng/texlive/2023/texmf-dist/tex/generic/intcalc/intcalc.sty
Package: intcalc 2019/12/15 v1.3 Expandable calculations with integers (HO)
)
\Hy@SavedSpaceFactor=\count301
 (/home/huntfeng/texlive/2023/texmf-dist/tex/latex/hyperref/puenc.def
File: puenc.def 2023-04-22 v7.00x Hyperref: PDF Unicode definition (HO)
Now handling font encoding PU ...
... no UTF-8 mapping file for font encoding PU
)
Package hyperref Info: Option `bookmarks' set `true' on input line 4065.
Package hyperref Info: Option `bookmarksopen' set `true' on input line 4065.
Package hyperref Info: Option `implicit' set `false' on input line 4065.
Package hyperref Info: Hyper figures OFF on input line 4182.
Package hyperref Info: Link nesting OFF on input line 4187.
Package hyperref Info: Hyper index ON on input line 4190.
Package hyperref Info: Plain pages OFF on input line 4197.
Package hyperref Info: Backreferencing OFF on input line 4202.
Package hyperref Info: Implicit mode OFF; no redefinition of LaTeX internals.
Package hyperref Info: Bookmarks ON on input line 4449.
\c@Hy@tempcnt=\count302
 (/home/huntfeng/texlive/2023/texmf-dist/tex/latex/url/url.sty
\Urlmuskip=\muskip16
Package: url 2013/09/16  ver 3.4  Verb mode for urls, etc.
)
LaTeX Info: Redefining \url on input line 4787.
\XeTeXLinkMargin=\dimen268
 (/home/huntfeng/texlive/2023/texmf-dist/tex/generic/bitset/bitset.sty
Package: bitset 2019/12/09 v1.3 Handle bit-vector datatype (HO)
 (/home/huntfeng/texlive/2023/texmf-dist/tex/generic/bigintcalc/bigintcalc.sty
Package: bigintcalc 2019/12/15 v1.5 Expandable calculations on big integers (HO)
))
\Fld@menulength=\count303
\Field@Width=\dimen269
\Fld@charsize=\dimen270
Package hyperref Info: Hyper figures OFF on input line 6066.
Package hyperref Info: Link nesting OFF on input line 6071.
Package hyperref Info: Hyper index ON on input line 6074.
Package hyperref Info: backreferencing OFF on input line 6081.
Package hyperref Info: Link coloring OFF on input line 6086.
Package hyperref Info: Link coloring with OCG OFF on input line 6091.
Package hyperref Info: PDF/A mode OFF on input line 6096.
\Hy@abspage=\count304


Package hyperref Message: Stopped early.

)
Package hyperref Info: Driver (autodetected): hpdftex.
 (/home/huntfeng/texlive/2023/texmf-dist/tex/latex/hyperref/hpdftex.def
File: hpdftex.def 2023-04-22 v7.00x Hyperref driver for pdfTeX
 (/home/huntfeng/texlive/2023/texmf-dist/tex/latex/base/atveryend-ltx.sty
Package: atveryend-ltx 2020/08/19 v1.0a Emulation of the original atveryend package
with kernel methods
)
\Fld@listcount=\count305
\c@bookmark@seq@number=\count306
 (/home/huntfeng/texlive/2023/texmf-dist/tex/latex/rerunfilecheck/rerunfilecheck.sty
Package: rerunfilecheck 2022-07-10 v1.10 Rerun checks for auxiliary files (HO)
 (/home/huntfeng/texlive/2023/texmf-dist/tex/generic/uniquecounter/uniquecounter.sty
Package: uniquecounter 2019/12/15 v1.4 Provide unlimited unique counter (HO)
)
Package uniquecounter Info: New unique counter `rerunfilecheck' on input line 285.
)) (/home/huntfeng/texlive/2023/texmf-dist/tex/latex/beamer/beamerbaserequires.sty (/home/huntfeng/texlive/2023/texmf-dist/tex/latex/beamer/beamerbasecompatibility.sty) (/home/huntfeng/texlive/2023/texmf-dist/tex/latex/beamer/beamerbasefont.sty (/home/huntfeng/texlive/2023/texmf-dist/tex/latex/amsfonts/amssymb.sty
Package: amssymb 2013/01/14 v3.01 AMS font symbols
 (/home/huntfeng/texlive/2023/texmf-dist/tex/latex/amsfonts/amsfonts.sty
Package: amsfonts 2013/01/14 v3.01 Basic AMSFonts support
\@emptytoks=\toks28
\symAMSa=\mathgroup4
\symAMSb=\mathgroup5
LaTeX Font Info:    Redeclaring math symbol \hbar on input line 98.
LaTeX Font Info:    Overwriting math alphabet `\mathfrak' in version `bold'
(Font)                  U/euf/m/n --> U/euf/b/n on input line 106.
))) (/home/huntfeng/texlive/2023/texmf-dist/tex/latex/beamer/beamerbasetranslator.sty (/home/huntfeng/texlive/2023/texmf-dist/tex/latex/translator/translator.sty
Package: translator 2021-05-31 v1.12d Easy translation of strings in LaTeX
)) (/home/huntfeng/texlive/2023/texmf-dist/tex/latex/beamer/beamerbasemisc.sty) (/home/huntfeng/texlive/2023/texmf-dist/tex/latex/beamer/beamerbasetwoscreens.sty) (/home/huntfeng/texlive/2023/texmf-dist/tex/latex/beamer/beamerbaseoverlay.sty
\beamer@argscount=\count307
\beamer@lastskipcover=\skip51
\beamer@trivlistdepth=\count308
) (/home/huntfeng/texlive/2023/texmf-dist/tex/latex/beamer/beamerbasetitle.sty) (/home/huntfeng/texlive/2023/texmf-dist/tex/latex/beamer/beamerbasesection.sty
\c@lecture=\count309
\c@part=\count310
\c@section=\count311
\c@subsection=\count312
\c@subsubsection=\count313
) (/home/huntfeng/texlive/2023/texmf-dist/tex/latex/beamer/beamerbaseframe.sty
\beamer@framebox=\box66
\beamer@frametitlebox=\box67
\beamer@zoombox=\box68
\beamer@zoomcount=\count314
\beamer@zoomframecount=\count315
\beamer@frametextheight=\dimen271
\c@subsectionslide=\count316
\beamer@frametopskip=\skip52
\beamer@framebottomskip=\skip53
\beamer@frametopskipautobreak=\skip54
\beamer@framebottomskipautobreak=\skip55
\beamer@envbody=\toks29
\framewidth=\dimen272
\c@framenumber=\count317
) (/home/huntfeng/texlive/2023/texmf-dist/tex/latex/beamer/beamerbaseverbatim.sty
\beamer@verbatimfileout=\write4
) (/home/huntfeng/texlive/2023/texmf-dist/tex/latex/beamer/beamerbaseframesize.sty
\beamer@splitbox=\box69
\beamer@autobreakcount=\count318
\beamer@autobreaklastheight=\dimen273
\beamer@frametitletoks=\toks30
\beamer@framesubtitletoks=\toks31
) (/home/huntfeng/texlive/2023/texmf-dist/tex/latex/beamer/beamerbaseframecomponents.sty
\beamer@footins=\box70
) (/home/huntfeng/texlive/2023/texmf-dist/tex/latex/beamer/beamerbasecolor.sty) (/home/huntfeng/texlive/2023/texmf-dist/tex/latex/beamer/beamerbasenotes.sty
\beamer@frameboxcopy=\box71
) (/home/huntfeng/texlive/2023/texmf-dist/tex/latex/beamer/beamerbasetoc.sty) (/home/huntfeng/texlive/2023/texmf-dist/tex/latex/beamer/beamerbasetemplates.sty
\beamer@sbttoks=\toks32
 (/home/huntfeng/texlive/2023/texmf-dist/tex/latex/beamer/beamerbaseauxtemplates.sty
(/home/huntfeng/texlive/2023/texmf-dist/tex/latex/beamer/beamerbaseboxes.sty
\bmb@box=\box72
\bmb@colorbox=\box73
\bmb@boxwidth=\dimen274
\bmb@boxheight=\dimen275
\bmb@prevheight=\dimen276
\bmb@temp=\dimen277
\bmb@dima=\dimen278
\bmb@dimb=\dimen279
\bmb@prevheight=\dimen280
)
\beamer@blockheadheight=\dimen281
)) (/home/huntfeng/texlive/2023/texmf-dist/tex/latex/beamer/beamerbaselocalstructure.sty (/home/huntfeng/texlive/2023/texmf-dist/tex/latex/tools/enumerate.sty
Package: enumerate 2015/07/23 v3.00 enumerate extensions (DPC)
\@enLab=\toks33
)
\beamer@bibiconwidth=\skip56
\c@figure=\count319
\c@table=\count320
\abovecaptionskip=\skip57
\belowcaptionskip=\skip58
) (/home/huntfeng/texlive/2023/texmf-dist/tex/latex/beamer/beamerbasenavigation.sty (/home/huntfeng/texlive/2023/texmf-dist/tex/latex/beamer/beamerbasenavigationsymbols.tex)
\beamer@section@min@dim=\dimen282
) (/home/huntfeng/texlive/2023/texmf-dist/tex/latex/beamer/beamerbasetheorems.sty (/home/huntfeng/texlive/2023/texmf-dist/tex/latex/amsmath/amsmath.sty
Package: amsmath 2022/04/08 v2.17n AMS math features
\@mathmargin=\skip59

For additional information on amsmath, use the `?' option.
(/home/huntfeng/texlive/2023/texmf-dist/tex/latex/amsmath/amstext.sty
Package: amstext 2021/08/26 v2.01 AMS text
 (/home/huntfeng/texlive/2023/texmf-dist/tex/latex/amsmath/amsgen.sty
File: amsgen.sty 1999/11/30 v2.0 generic functions
\@emptytoks=\toks34
\ex@=\dimen283
)) (/home/huntfeng/texlive/2023/texmf-dist/tex/latex/amsmath/amsbsy.sty
Package: amsbsy 1999/11/29 v1.2d Bold Symbols
\pmbraise@=\dimen284
) (/home/huntfeng/texlive/2023/texmf-dist/tex/latex/amsmath/amsopn.sty
Package: amsopn 2022/04/08 v2.04 operator names
)
\inf@bad=\count321
LaTeX Info: Redefining \frac on input line 234.
\uproot@=\count322
\leftroot@=\count323
LaTeX Info: Redefining \overline on input line 399.
LaTeX Info: Redefining \colon on input line 410.
\classnum@=\count324
\DOTSCASE@=\count325
LaTeX Info: Redefining \ldots on input line 496.
LaTeX Info: Redefining \dots on input line 499.
LaTeX Info: Redefining \cdots on input line 620.
\Mathstrutbox@=\box74
\strutbox@=\box75
LaTeX Info: Redefining \big on input line 722.
LaTeX Info: Redefining \Big on input line 723.
LaTeX Info: Redefining \bigg on input line 724.
LaTeX Info: Redefining \Bigg on input line 725.
\big@size=\dimen285
LaTeX Font Info:    Redeclaring font encoding OML on input line 743.
LaTeX Font Info:    Redeclaring font encoding OMS on input line 744.
\macc@depth=\count326
LaTeX Info: Redefining \bmod on input line 905.
LaTeX Info: Redefining \pmod on input line 910.
LaTeX Info: Redefining \smash on input line 940.
LaTeX Info: Redefining \relbar on input line 970.
LaTeX Info: Redefining \Relbar on input line 971.
\c@MaxMatrixCols=\count327
\dotsspace@=\muskip17
\c@parentequation=\count328
\dspbrk@lvl=\count329
\tag@help=\toks35
\row@=\count330
\column@=\count331
\maxfields@=\count332
\andhelp@=\toks36
\eqnshift@=\dimen286
\alignsep@=\dimen287
\tagshift@=\dimen288
\tagwidth@=\dimen289
\totwidth@=\dimen290
\lineht@=\dimen291
\@envbody=\toks37
\multlinegap=\skip60
\multlinetaggap=\skip61
\mathdisplay@stack=\toks38
LaTeX Info: Redefining \[ on input line 2953.
LaTeX Info: Redefining \] on input line 2954.
) (/home/huntfeng/texlive/2023/texmf-dist/tex/latex/amscls/amsthm.sty
Package: amsthm 2020/05/29 v2.20.6
\thm@style=\toks39
\thm@bodyfont=\toks40
\thm@headfont=\toks41
\thm@notefont=\toks42
\thm@headpunct=\toks43
\thm@preskip=\skip62
\thm@postskip=\skip63
\thm@headsep=\skip64
\dth@everypar=\toks44
)
\c@theorem=\count333
) (/home/huntfeng/texlive/2023/texmf-dist/tex/latex/beamer/beamerbasethemes.sty)) (/home/huntfeng/texlive/2023/texmf-dist/tex/latex/beamer/beamerthemedefault.sty (/home/huntfeng/texlive/2023/texmf-dist/tex/latex/beamer/beamerfontthemedefault.sty) (/home/huntfeng/texlive/2023/texmf-dist/tex/latex/beamer/beamercolorthemedefault.sty) (/home/huntfeng/texlive/2023/texmf-dist/tex/latex/beamer/beamerinnerthemedefault.sty
\beamer@dima=\dimen292
\beamer@dimb=\dimen293
) (/home/huntfeng/texlive/2023/texmf-dist/tex/latex/beamer/beamerouterthemedefault.sty))) (/home/huntfeng/texlive/2023/texmf-dist/tex/latex/beamer/beamerthemeMadrid.sty (/home/huntfeng/texlive/2023/texmf-dist/tex/latex/beamer/beamercolorthemewhale.sty) (/home/huntfeng/texlive/2023/texmf-dist/tex/latex/beamer/beamercolorthemeorchid.sty) (/home/huntfeng/texlive/2023/texmf-dist/tex/latex/beamer/beamerinnerthemerounded.sty) (/home/huntfeng/texlive/2023/texmf-dist/tex/latex/beamer/beamerouterthemeinfolines.sty)) (/home/huntfeng/texlive/2023/texmf-dist/tex/latex/physics/physics.sty
Package: physics 
 (/home/huntfeng/texlive/2023/texmf-dist/tex/latex/l3packages/xparse/xparse.sty (/home/huntfeng/texlive/2023/texmf-dist/tex/latex/l3kernel/expl3.sty
Package: expl3 2023-05-05 L3 programming layer (loader) 
 (/home/huntfeng/texlive/2023/texmf-dist/tex/latex/l3backend/l3backend-pdftex.def
File: l3backend-pdftex.def 2023-04-19 L3 backend support: PDF output (pdfTeX)
\l__color_backend_stack_int=\count334
\l__pdf_internal_box=\box76
))
Package: xparse 2023-02-02 L3 Experimental document command parser
)) (/home/huntfeng/texlive/2023/texmf-dist/tex/latex/float/float.sty
Package: float 2001/11/08 v1.3d Float enhancements (AL)
\c@float@type=\count335
\float@exts=\toks45
\float@box=\box77
\@float@everytoks=\toks46
\@floatcapt=\box78
) (/home/huntfeng/texlive/2023/texmf-dist/tex/latex/caption/subcaption.sty
Package: subcaption 2023/02/19 v1.6 Sub-captions (AR)
 (/home/huntfeng/texlive/2023/texmf-dist/tex/latex/caption/caption.sty
Package: caption 2023/03/12 v3.6j Customizing captions (AR)
 (/home/huntfeng/texlive/2023/texmf-dist/tex/latex/caption/caption3.sty
Package: caption3 2023/03/12 v2.4 caption3 kernel (AR)
\caption@tempdima=\dimen294
\captionmargin=\dimen295
\caption@leftmargin=\dimen296
\caption@rightmargin=\dimen297
\caption@width=\dimen298
\caption@indent=\dimen299
\caption@parindent=\dimen300
\caption@hangindent=\dimen301
Package caption Info: beamer document class detected.
 (/home/huntfeng/texlive/2023/texmf-dist/tex/latex/caption/caption-beamer.sto
File: caption-beamer.sto 2022/01/06 v2.0c Adaption of the caption package to the beamer document classes (AR)
))
\c@caption@flags=\count336
\c@continuedfloat=\count337
Package caption Info: float package is loaded.
Package caption Info: hyperref package is loaded.
Package caption Info: Hyperref support is turned off
(caption)             because hyperref has stopped early.
)
Package caption Info: New subtype `subfigure' on input line 239.
\c@subfigure=\count338
Package caption Info: New subtype `subtable' on input line 239.
\c@subtable=\count339
) (./progress-report-beamer.aux)
\openout1 = `progress-report-beamer.aux'.

LaTeX Font Info:    Checking defaults for OML/cmm/m/it on input line 22.
LaTeX Font Info:    ... okay on input line 22.
LaTeX Font Info:    Checking defaults for OMS/cmsy/m/n on input line 22.
LaTeX Font Info:    ... okay on input line 22.
LaTeX Font Info:    Checking defaults for OT1/cmr/m/n on input line 22.
LaTeX Font Info:    ... okay on input line 22.
LaTeX Font Info:    Checking defaults for T1/cmr/m/n on input line 22.
LaTeX Font Info:    ... okay on input line 22.
LaTeX Font Info:    Checking defaults for TS1/cmr/m/n on input line 22.
LaTeX Font Info:    ... okay on input line 22.
LaTeX Font Info:    Checking defaults for OMX/cmex/m/n on input line 22.
LaTeX Font Info:    ... okay on input line 22.
LaTeX Font Info:    Checking defaults for U/cmr/m/n on input line 22.
LaTeX Font Info:    ... okay on input line 22.
LaTeX Font Info:    Checking defaults for PD1/pdf/m/n on input line 22.
LaTeX Font Info:    ... okay on input line 22.
LaTeX Font Info:    Checking defaults for PU/pdf/m/n on input line 22.
LaTeX Font Info:    ... okay on input line 22.

*geometry* driver: auto-detecting
*geometry* detected driver: pdftex
*geometry* verbose mode - [ preamble ] result:
* driver: pdftex
* paper: custom
* layout: <same size as paper>
* layoutoffset:(h,v)=(0.0pt,0.0pt)
* modes: includehead includefoot 
* h-part:(L,W,R)=(10.95003pt, 342.2953pt, 10.95003pt)
* v-part:(T,H,B)=(0.0pt, 273.14662pt, 0.0pt)
* \paperwidth=364.19536pt
* \paperheight=273.14662pt
* \textwidth=342.2953pt
* \textheight=244.6939pt
* \oddsidemargin=-61.31996pt
* \evensidemargin=-61.31996pt
* \topmargin=-72.26999pt
* \headheight=14.22636pt
* \headsep=0.0pt
* \topskip=11.0pt
* \footskip=14.22636pt
* \marginparwidth=4.0pt
* \marginparsep=10.0pt
* \columnsep=10.0pt
* \skip\footins=10.0pt plus 4.0pt minus 2.0pt
* \hoffset=0.0pt
* \voffset=0.0pt
* \mag=1000
* \@twocolumnfalse
* \@twosidefalse
* \@mparswitchfalse
* \@reversemarginfalse
* (1in=72.27pt=25.4mm, 1cm=28.453pt)

(/home/huntfeng/texlive/2023/texmf-dist/tex/context/base/mkii/supp-pdf.mkii
[Loading MPS to PDF converter (version 2006.09.02).]
\scratchcounter=\count340
\scratchdimen=\dimen302
\scratchbox=\box79
\nofMPsegments=\count341
\nofMParguments=\count342
\everyMPshowfont=\toks47
\MPscratchCnt=\count343
\MPscratchDim=\dimen303
\MPnumerator=\count344
\makeMPintoPDFobject=\count345
\everyMPtoPDFconversion=\toks48
) (/home/huntfeng/texlive/2023/texmf-dist/tex/latex/epstopdf-pkg/epstopdf-base.sty
Package: epstopdf-base 2020-01-24 v2.11 Base part for package epstopdf
Package epstopdf-base Info: Redefining graphics rule for `.eps' on input line 485.
 (/home/huntfeng/texlive/2023/texmf-dist/tex/latex/latexconfig/epstopdf-sys.cfg
File: epstopdf-sys.cfg 2010/07/13 v1.3 Configuration of (r)epstopdf for TeX Live
))
Package hyperref Info: Link coloring OFF on input line 22.
 (./progress-report-beamer.out) (./progress-report-beamer.out)
\@outlinefile=\write5
\openout5 = `progress-report-beamer.out'.

LaTeX Font Info:    Overwriting symbol font `operators' in version `normal'
(Font)                  OT1/cmr/m/n --> OT1/cmss/m/n on input line 22.
LaTeX Font Info:    Overwriting symbol font `operators' in version `bold'
(Font)                  OT1/cmr/bx/n --> OT1/cmss/b/n on input line 22.
\symnumbers=\mathgroup6
\sympureletters=\mathgroup7
LaTeX Font Info:    Overwriting math alphabet `\mathrm' in version `normal'
(Font)                  OT1/cmss/m/n --> OT1/cmr/m/n on input line 22.
LaTeX Font Info:    Redeclaring math alphabet \mathbf on input line 22.
LaTeX Font Info:    Overwriting math alphabet `\mathbf' in version `normal'
(Font)                  OT1/cmr/bx/n --> OT1/cmss/b/n on input line 22.
LaTeX Font Info:    Overwriting math alphabet `\mathbf' in version `bold'
(Font)                  OT1/cmr/bx/n --> OT1/cmss/b/n on input line 22.
LaTeX Font Info:    Redeclaring math alphabet \mathsf on input line 22.
LaTeX Font Info:    Overwriting math alphabet `\mathsf' in version `normal'
(Font)                  OT1/cmss/m/n --> OT1/cmss/m/n on input line 22.
LaTeX Font Info:    Overwriting math alphabet `\mathsf' in version `bold'
(Font)                  OT1/cmss/bx/n --> OT1/cmss/m/n on input line 22.
LaTeX Font Info:    Redeclaring math alphabet \mathit on input line 22.
LaTeX Font Info:    Overwriting math alphabet `\mathit' in version `normal'
(Font)                  OT1/cmr/m/it --> OT1/cmss/m/it on input line 22.
LaTeX Font Info:    Overwriting math alphabet `\mathit' in version `bold'
(Font)                  OT1/cmr/bx/it --> OT1/cmss/m/it on input line 22.
LaTeX Font Info:    Redeclaring math alphabet \mathtt on input line 22.
LaTeX Font Info:    Overwriting math alphabet `\mathtt' in version `normal'
(Font)                  OT1/cmtt/m/n --> OT1/cmtt/m/n on input line 22.
LaTeX Font Info:    Overwriting math alphabet `\mathtt' in version `bold'
(Font)                  OT1/cmtt/m/n --> OT1/cmtt/m/n on input line 22.
LaTeX Font Info:    Overwriting symbol font `numbers' in version `bold'
(Font)                  OT1/cmss/m/n --> OT1/cmss/b/n on input line 22.
LaTeX Font Info:    Overwriting symbol font `pureletters' in version `bold'
(Font)                  OT1/cmss/m/it --> OT1/cmss/b/it on input line 22.
LaTeX Font Info:    Overwriting math alphabet `\mathrm' in version `bold'
(Font)                  OT1/cmss/b/n --> OT1/cmr/b/n on input line 22.
LaTeX Font Info:    Overwriting math alphabet `\mathbf' in version `bold'
(Font)                  OT1/cmss/b/n --> OT1/cmss/b/n on input line 22.
LaTeX Font Info:    Overwriting math alphabet `\mathsf' in version `bold'
(Font)                  OT1/cmss/m/n --> OT1/cmss/b/n on input line 22.
LaTeX Font Info:    Overwriting math alphabet `\mathit' in version `bold'
(Font)                  OT1/cmss/m/it --> OT1/cmss/b/it on input line 22.
LaTeX Font Info:    Overwriting math alphabet `\mathtt' in version `bold'
(Font)                  OT1/cmtt/m/n --> OT1/cmtt/b/n on input line 22.
 (/home/huntfeng/texlive/2023/texmf-dist/tex/latex/translator/translator-basic-dictionary-English.dict
Dictionary: translator-basic-dictionary, Language: English 
) (/home/huntfeng/texlive/2023/texmf-dist/tex/latex/translator/translator-bibliography-dictionary-English.dict
Dictionary: translator-bibliography-dictionary, Language: English 
) (/home/huntfeng/texlive/2023/texmf-dist/tex/latex/translator/translator-environment-dictionary-English.dict
Dictionary: translator-environment-dictionary, Language: English 
) (/home/huntfeng/texlive/2023/texmf-dist/tex/latex/translator/translator-months-dictionary-English.dict
Dictionary: translator-months-dictionary, Language: English 
) (/home/huntfeng/texlive/2023/texmf-dist/tex/latex/translator/translator-numbers-dictionary-English.dict
Dictionary: translator-numbers-dictionary, Language: English 
) (/home/huntfeng/texlive/2023/texmf-dist/tex/latex/translator/translator-theorem-dictionary-English.dict
Dictionary: translator-theorem-dictionary, Language: English 
)
Package caption Info: Begin \AtBeginDocument code.
Package caption Info: End \AtBeginDocument code.
 (./progress-report-beamer.nav) [1

{/home/huntfeng/texlive/2023/texmf-var/fonts/map/pdftex/updmap/pdftex.map}] (./progress-report-beamer.toc) [2

] (./introduction.tex (./progress-report-beamer.toc) [3

]
LaTeX Font Info:    Trying to load font information for U+msa on input line 11.
 (/home/huntfeng/texlive/2023/texmf-dist/tex/latex/amsfonts/umsa.fd
File: umsa.fd 2013/01/14 v3.01 AMS symbols A
)
LaTeX Font Info:    Trying to load font information for U+msb on input line 11.
 (/home/huntfeng/texlive/2023/texmf-dist/tex/latex/amsfonts/umsb.fd
File: umsb.fd 2013/01/14 v3.01 AMS symbols B
) [4

]
<figures/magnetic-nozzle.png, id=189, 442.2924pt x 282.5757pt>
File: figures/magnetic-nozzle.png Graphic file (type png)
<use figures/magnetic-nozzle.png>
Package pdftex.def Info: figures/magnetic-nozzle.png  used on input line 33.
(pdftex.def)             Requested size: 123.22592pt x 78.72397pt.
<figures/magnetic-field.png, id=191, 441.5697pt x 326.6604pt>
File: figures/magnetic-field.png Graphic file (type png)
<use figures/magnetic-field.png>
Package pdftex.def Info: figures/magnetic-field.png  used on input line 33.
(pdftex.def)             Requested size: 123.22592pt x 91.15524pt.
 [5

 <./figures/magnetic-nozzle.png> <./figures/magnetic-field.png>] [6

]
<figures/velocity-profiles.png, id=255, 430.0065pt x 349.0641pt>
File: figures/velocity-profiles.png Graphic file (type png)
<use figures/velocity-profiles.png>
Package pdftex.def Info: figures/velocity-profiles.png  used on input line 58.
(pdftex.def)             Requested size: 205.37926pt x 166.71796pt.
 [7

 <./figures/velocity-profiles.png>] [8

]) (./spectral-method.tex (./progress-report-beamer.toc) [9

] [10

]
<figures/eigvals-bad.png, id=376, 452.4102pt x 351.2322pt>
File: figures/eigvals-bad.png Graphic file (type png)
<use figures/eigvals-bad.png>
Package pdftex.def Info: figures/eigvals-bad.png  used on input line 36.
(pdftex.def)             Requested size: 154.03183pt x 119.5835pt.
<figures/eigvecs-bad.png, id=377, 445.9059pt x 349.7868pt>
File: figures/eigvecs-bad.png Graphic file (type png)
<use figures/eigvecs-bad.png>
Package pdftex.def Info: figures/eigvecs-bad.png  used on input line 36.
(pdftex.def)             Requested size: 154.03183pt x 120.83136pt.
 [11

 <./figures/eigvals-bad.png> <./figures/eigvecs-bad.png>]
<figures/eigvals-good.png, id=408, 448.7967pt x 351.2322pt>
File: figures/eigvals-good.png Graphic file (type png)
<use figures/eigvals-good.png>
Package pdftex.def Info: figures/eigvals-good.png  used on input line 52.
(pdftex.def)             Requested size: 171.14764pt x 133.94124pt.
<figures/eigvecs-good.png, id=409, 445.9059pt x 349.7868pt>
File: figures/eigvecs-good.png Graphic file (type png)
<use figures/eigvecs-good.png>
Package pdftex.def Info: figures/eigvecs-good.png  used on input line 52.
(pdftex.def)             Requested size: 171.14764pt x 134.25468pt.
 [12

 <./figures/eigvals-good.png> <./figures/eigvecs-good.png>]) (./singular-perturbation.tex (./progress-report-beamer.toc) [13

]
<figures/results-bad-accelerating-v.png, id=473, 656.2116pt x 349.0641pt>
File: figures/results-bad-accelerating-v.png Graphic file (type png)
<use figures/results-bad-accelerating-v.png>
Package pdftex.def Info: figures/results-bad-accelerating-v.png  used on input line 12.
(pdftex.def)             Requested size: 325.17949pt x 172.97635pt.
 [14

 <./figures/results-bad-accelerating-v.png>] [15

]
<figures/results-accelerating-v.png, id=540, 614.295pt x 349.0641pt>
File: figures/results-accelerating-v.png Graphic file (type png)
<use figures/results-accelerating-v.png>
Package pdftex.def Info: figures/results-accelerating-v.png  used on input line 43.
(pdftex.def)             Requested size: 239.60567pt x 136.15042pt.
 [16

 <./figures/results-accelerating-v.png>]) (./future-work.tex (./progress-report-beamer.toc) [17

]
<figures/numerical-experiments/accelerating-v-nonzero-bc.png, id=603, 624.4128pt x 349.0641pt>
File: figures/numerical-experiments/accelerating-v-nonzero-bc.png Graphic file (type png)
<use figures/numerical-experiments/accelerating-v-nonzero-bc.png>
Package pdftex.def Info: figures/numerical-experiments/accelerating-v-nonzero-bc.png  used on input line 14.
(pdftex.def)             Requested size: 205.37926pt x 114.81334pt.
 [18

 <./figures/numerical-experiments/accelerating-v-nonzero-bc.png>]) (./progress-report-beamer.bbl
LaTeX Font Info:    Trying to load font information for TS1+cmss on input line 21.
 (/home/huntfeng/texlive/2023/texmf-dist/tex/latex/base/ts1cmss.fd
File: ts1cmss.fd 2022/07/10 v2.5l Standard LaTeX font definitions
)) [19

 </home/huntfeng/texlive/2023/texmf-dist/tex/latex/beamer/beamericonarticle.pdf>] [20


{/home/huntfeng/texlive/2023/texmf-dist/fonts/enc/dvips/cm-super/cm-super-ts1.enc}] (./numerical-experiments.tex (./progress-report-beamer.toc) [21

]
<figures/numerical-experiments/fixed-fixed/constant-v-v0=0.5.png, id=727, 429.2838pt x 351.2322pt>
File: figures/numerical-experiments/fixed-fixed/constant-v-v0=0.5.png Graphic file (type png)
<use figures/numerical-experiments/fixed-fixed/constant-v-v0=0.5.png>
Package pdftex.def Info: figures/numerical-experiments/fixed-fixed/constant-v-v0=0.5.png  used on input line 15.
(pdftex.def)             Requested size: 138.6277pt x 113.42023pt.
<figures/numerical-experiments/fixed-open/constant-v-v0=0.5.png, id=728, 469.755pt x 351.2322pt>
File: figures/numerical-experiments/fixed-open/constant-v-v0=0.5.png Graphic file (type png)
<use figures/numerical-experiments/fixed-open/constant-v-v0=0.5.png>
Package pdftex.def Info: figures/numerical-experiments/fixed-open/constant-v-v0=0.5.png  used on input line 15.
(pdftex.def)             Requested size: 154.03183pt x 115.16739pt.
 [22

 <./figures/numerical-experiments/fixed-fixed/constant-v-v0=0.5.png> <./figures/numerical-experiments/fixed-open/constant-v-v0=0.5.png>]
<figures/numerical-experiments/fixed-fixed/constant-v-v0=1.5.png, id=758, 414.1071pt x 351.2322pt>
File: figures/numerical-experiments/fixed-fixed/constant-v-v0=1.5.png Graphic file (type png)
<use figures/numerical-experiments/fixed-fixed/constant-v-v0=1.5.png>
Package pdftex.def Info: figures/numerical-experiments/fixed-fixed/constant-v-v0=1.5.png  used on input line 32.
(pdftex.def)             Requested size: 138.6277pt x 117.5791pt.
<figures/numerical-experiments/fixed-open/constant-v-v0=1.5.png, id=759, 465.4188pt x 351.2322pt>
File: figures/numerical-experiments/fixed-open/constant-v-v0=1.5.png Graphic file (type png)
<use figures/numerical-experiments/fixed-open/constant-v-v0=1.5.png>
Package pdftex.def Info: figures/numerical-experiments/fixed-open/constant-v-v0=1.5.png  used on input line 32.
(pdftex.def)             Requested size: 154.03183pt x 116.23926pt.
 [23

 <./figures/numerical-experiments/fixed-fixed/constant-v-v0=1.5.png> <./figures/numerical-experiments/fixed-open/constant-v-v0=1.5.png>]
<figures/numerical-experiments/fixed-fixed/subsonic-v.png, id=790, 452.4102pt x 351.2322pt>
File: figures/numerical-experiments/fixed-fixed/subsonic-v.png Graphic file (type png)
<use figures/numerical-experiments/fixed-fixed/subsonic-v.png>
Package pdftex.def Info: figures/numerical-experiments/fixed-fixed/subsonic-v.png  used on input line 48.
(pdftex.def)             Requested size: 154.03183pt x 119.5835pt.
<figures/numerical-experiments/fixed-open/subsonic-v.png, id=791, 458.1918pt x 351.2322pt>
File: figures/numerical-experiments/fixed-open/subsonic-v.png Graphic file (type png)
<use figures/numerical-experiments/fixed-open/subsonic-v.png>
Package pdftex.def Info: figures/numerical-experiments/fixed-open/subsonic-v.png  used on input line 48.
(pdftex.def)             Requested size: 154.03183pt x 118.07216pt.
 [24

 <./figures/numerical-experiments/fixed-fixed/subsonic-v.png> <./figures/numerical-experiments/fixed-open/subsonic-v.png>]
<figures/numerical-experiments/fixed-fixed/supersonic-v.png, id=821, 442.2924pt x 351.2322pt>
File: figures/numerical-experiments/fixed-fixed/supersonic-v.png Graphic file (type png)
<use figures/numerical-experiments/fixed-fixed/supersonic-v.png>
Package pdftex.def Info: figures/numerical-experiments/fixed-fixed/supersonic-v.png  used on input line 65.
(pdftex.def)             Requested size: 154.03183pt x 122.32214pt.
<figures/numerical-experiments/fixed-open/supersonic-v.png, id=822, 443.0151pt x 351.2322pt>
File: figures/numerical-experiments/fixed-open/supersonic-v.png Graphic file (type png)
<use figures/numerical-experiments/fixed-open/supersonic-v.png>
Package pdftex.def Info: figures/numerical-experiments/fixed-open/supersonic-v.png  used on input line 65.
(pdftex.def)             Requested size: 154.03183pt x 122.11848pt.
 [25

 <./figures/numerical-experiments/fixed-fixed/supersonic-v.png> <./figures/numerical-experiments/fixed-open/supersonic-v.png>]
<figures/numerical-experiments/accelerating-v.png, id=853, 447.3513pt x 328.1058pt>
File: figures/numerical-experiments/accelerating-v.png Graphic file (type png)
<use figures/numerical-experiments/accelerating-v.png>
Package pdftex.def Info: figures/numerical-experiments/accelerating-v.png  used on input line 73.
(pdftex.def)             Requested size: 239.60567pt x 175.73763pt.
 [26

 <./figures/numerical-experiments/accelerating-v.png>])
\tf@nav=\write6
\openout6 = `progress-report-beamer.nav'.

\tf@toc=\write7
\openout7 = `progress-report-beamer.toc'.

\tf@snm=\write8
\openout8 = `progress-report-beamer.snm'.

 (./progress-report-beamer.aux)
Package rerunfilecheck Info: File `progress-report-beamer.out' has not changed.
(rerunfilecheck)             Checksum: 91FC56DB37468AED350B056FB0DABA69;680.
 ) 
Here is how much of TeX's memory you used:
 24372 strings out of 478007
 481797 string characters out of 5838867
 1868248 words of memory out of 5000000
 43951 multiletter control sequences out of 15000+600000
 520755 words of font info for 62 fonts, out of 8000000 for 9000
 14 hyphenation exceptions out of 8191
 101i,15n,104p,414b,680s stack positions out of 10000i,1000n,20000p,200000b,200000s
</home/huntfeng/texlive/2023/texmf-dist/fonts/type1/public/amsfonts/cm/cmex10.pfb></home/huntfeng/texlive/2023/texmf-dist/fonts/type1/public/amsfonts/cm/cmmi10.pfb></home/huntfeng/texlive/2023/texmf-dist/fonts/type1/public/amsfonts/cm/cmr10.pfb></home/huntfeng/texlive/2023/texmf-dist/fonts/type1/public/amsfonts/cm/cmss10.pfb></home/huntfeng/texlive/2023/texmf-dist/fonts/type1/public/amsfonts/cm/cmss12.pfb></home/huntfeng/texlive/2023/texmf-dist/fonts/type1/public/amsfonts/cm/cmss8.pfb></home/huntfeng/texlive/2023/texmf-dist/fonts/type1/public/amsfonts/cm/cmss9.pfb></home/huntfeng/texlive/2023/texmf-dist/fonts/type1/public/amsfonts/cm/cmssi10.pfb></home/huntfeng/texlive/2023/texmf-dist/fonts/type1/public/amsfonts/cm/cmssi8.pfb></home/huntfeng/texlive/2023/texmf-dist/fonts/type1/public/amsfonts/cm/cmsy10.pfb></home/huntfeng/texlive/2023/texmf-dist/fonts/type1/public/amsfonts/cm/cmsy8.pfb></home/huntfeng/texlive/2023/texmf-dist/fonts/type1/public/cm-super/sfsx1095.pfb>
Output written on progress-report-beamer.pdf (26 pages, 694038 bytes).
PDF statistics:
 952 PDF objects out of 1000 (max. 8388607)
 809 compressed objects within 9 object streams
 76 named destinations out of 1000 (max. 500000)
 232 words of extra memory for PDF output out of 10000 (max. 10000000)

