\BOOKMARK [0][-]{chapter.1}{\376\377\000I\000n\000t\000r\000o\000d\000u\000c\000t\000i\000o\000n}{}% 1
\BOOKMARK [1][-]{section.1.1}{\376\377\000P\000l\000a\000s\000m\000a}{chapter.1}% 2
\BOOKMARK [2][-]{subsection.1.1.1}{\376\377\000S\000i\000n\000g\000l\000e\000\040\000P\000a\000r\000t\000i\000c\000l\000e\000\040\000M\000o\000t\000i\000o\000n\000\040\000A\000l\000o\000n\000g\000\040\000M\000a\000g\000n\000e\000t\000i\000c\000\040\000F\000i\000e\000l\000d\000\040\000L\000i\000n\000e}{section.1.1}% 3
\BOOKMARK [2][-]{subsection.1.1.2}{\376\377\000F\000r\000o\000m\000\040\000K\000i\000n\000e\000t\000i\000c\000\040\000T\000h\000e\000o\000r\000y\000\040\000t\000o\000\040\000F\000l\000u\000i\000d\000\040\000D\000e\000s\000c\000r\000i\000p\000t\000i\000o\000n}{section.1.1}% 4
\BOOKMARK [1][-]{section.1.2}{\376\377\000I\000n\000s\000t\000a\000b\000i\000l\000i\000t\000y\000\040\000o\000f\000\040\000P\000l\000a\000s\000m\000a\000\040\000F\000l\000o\000w}{chapter.1}% 5
\BOOKMARK [2][-]{subsection.1.2.1}{\376\377\000O\000v\000e\000r\000v\000i\000e\000w}{section.1.2}% 6
\BOOKMARK [2][-]{subsection.1.2.2}{\376\377\000I\000l\000l\000u\000s\000t\000r\000a\000t\000i\000o\000n\000:\000\040\000T\000w\000o\000-\000S\000t\000r\000e\000a\000m\000\040\000I\000n\000s\000t\000a\000b\000i\000l\000i\000t\000y}{section.1.2}% 7
\BOOKMARK [1][-]{section.1.3}{\376\377\000M\000a\000g\000n\000e\000t\000i\000c\000\040\000N\000o\000z\000z\000l\000e}{chapter.1}% 8
\BOOKMARK [2][-]{subsection.1.3.1}{\376\377\000M\000a\000g\000n\000e\000t\000i\000c\000\040\000F\000i\000e\000l\000d\000\040\000i\000n\000\040\000M\000a\000g\000n\000e\000t\000i\000c\000\040\000N\000o\000z\000z\000l\000e}{section.1.3}% 9
\BOOKMARK [2][-]{subsection.1.3.2}{\376\377\000G\000o\000v\000e\000r\000n\000i\000n\000g\000\040\000E\000q\000u\000a\000t\000i\000o\000n\000s\000\040\000a\000n\000d\000\040\000V\000e\000l\000o\000c\000i\000t\000y\000\040\000P\000r\000o\000f\000i\000l\000e\000s}{section.1.3}% 10
\BOOKMARK [1][-]{section.1.4}{\376\377\000F\000l\000o\000w\000\040\000i\000n\000\040\000S\000i\000m\000i\000l\000a\000r\000\040\000C\000o\000n\000f\000i\000g\000u\000r\000a\000t\000i\000o\000n\000:\000\040\000B\000o\000n\000d\000i\000-\000P\000a\000r\000k\000e\000r\000\040\000F\000l\000o\000w}{chapter.1}% 11
\BOOKMARK [2][-]{subsection.1.4.1}{\376\377\000G\000o\000v\000e\000r\000n\000i\000n\000g\000\040\000E\000q\000u\000a\000t\000i\000o\000n\000s\000\040\000a\000n\000d\000\040\000V\000e\000l\000o\000c\000i\000t\000y\000\040\000P\000r\000o\000f\000i\000l\000e\000s}{section.1.4}% 12
\BOOKMARK [2][-]{subsection.1.4.2}{\376\377\000T\000h\000e\000\040\000S\000t\000a\000b\000i\000l\000i\000t\000y\000\040\000o\000f\000\040\000B\000o\000n\000d\000i\000-\000P\000a\000r\000k\000e\000r\000\040\000F\000l\000o\000w}{section.1.4}% 13
\BOOKMARK [1][-]{section.1.5}{\376\377\000G\000o\000a\000l\000s\000\040\000o\000f\000\040\000t\000h\000i\000s\000\040\000T\000h\000e\000s\000i\000s}{chapter.1}% 14
\BOOKMARK [0][-]{chapter.2}{\376\377\000T\000h\000e\000o\000r\000e\000t\000i\000c\000a\000l\000\040\000A\000n\000a\000l\000y\000s\000i\000s}{}% 15
\BOOKMARK [1][-]{section.2.1}{\376\377\000F\000l\000u\000i\000d\000\040\000D\000e\000s\000c\000r\000i\000p\000t\000i\000o\000n\000\040\000f\000o\000r\000\040\000F\000l\000o\000w}{chapter.2}% 16
\BOOKMARK [1][-]{section.2.2}{\376\377\000N\000o\000n\000-\000d\000i\000m\000e\000n\000s\000i\000o\000n\000a\000l\000i\000z\000a\000t\000i\000o\000n}{chapter.2}% 17
\BOOKMARK [1][-]{section.2.3}{\376\377\000V\000e\000l\000o\000c\000i\000t\000y\000\040\000P\000r\000o\000f\000i\000l\000e\000s\000\040\000a\000t\000\040\000E\000q\000u\000i\000l\000i\000b\000r\000i\000u\000m}{chapter.2}% 18
\BOOKMARK [1][-]{section.2.4}{\376\377\000L\000i\000n\000e\000a\000r\000i\000z\000e\000d\000\040\000G\000o\000v\000e\000r\000n\000i\000n\000g\000\040\000E\000q\000u\000a\000t\000i\000o\000n\000s}{chapter.2}% 19
\BOOKMARK [1][-]{section.2.5}{\376\377\000P\000o\000l\000y\000n\000o\000m\000i\000a\000l\000\040\000E\000i\000g\000e\000n\000v\000a\000l\000u\000e\000\040\000P\000r\000o\000b\000l\000e\000m}{chapter.2}% 20
\BOOKMARK [1][-]{section.2.6}{\376\377\000A\000n\000a\000l\000y\000t\000i\000c\000a\000l\000\040\000S\000o\000l\000u\000t\000i\000o\000n\000s\000\040\000t\000o\000\040\000C\000o\000n\000s\000t\000a\000n\000t\000\040\000V\000e\000l\000o\000c\000i\000t\000y\000\040\000C\000a\000s\000e}{chapter.2}% 21
\BOOKMARK [2][-]{subsection.2.6.1}{\376\377\000D\000i\000r\000i\000c\000h\000l\000e\000t\000\040\000B\000o\000u\000n\000d\000a\000r\000y}{section.2.6}% 22
\BOOKMARK [2][-]{subsection.2.6.2}{\376\377\000F\000i\000x\000e\000d\000-\000O\000p\000e\000n\000\040\000B\000o\000u\000n\000d\000a\000r\000y}{section.2.6}% 23
\BOOKMARK [0][-]{chapter.3}{\376\377\000S\000p\000e\000c\000t\000r\000a\000l\000\040\000M\000e\000t\000h\000o\000d}{}% 24
\BOOKMARK [1][-]{section.3.1}{\376\377\000S\000p\000e\000c\000t\000r\000a\000l\000\040\000T\000h\000e\000o\000r\000y\000\040\000i\000n\000\040\000F\000i\000n\000i\000t\000e\000-\000D\000i\000m\000e\000n\000s\000i\000o\000n\000a\000l\000\040\000N\000o\000r\000m\000e\000d\000\040\000S\000p\000a\000c\000e\000s}{chapter.3}% 25
\BOOKMARK [1][-]{section.3.2}{\376\377\000S\000p\000e\000c\000t\000r\000a\000l\000\040\000T\000h\000e\000o\000r\000y\000\040\000i\000n\000\040\000N\000o\000r\000m\000e\000d\000\040\000S\000p\000a\000c\000e\000s\000\040\000o\000f\000\040\000A\000n\000y\000\040\000D\000i\000m\000e\000n\000s\000i\000o\000n}{chapter.3}% 26
\BOOKMARK [1][-]{section.3.3}{\376\377\000D\000i\000f\000f\000e\000r\000e\000n\000t\000\040\000D\000i\000s\000c\000r\000e\000t\000i\000z\000a\000t\000i\000o\000n\000s}{chapter.3}% 27
\BOOKMARK [2][-]{subsection.3.3.1}{\376\377\000F\000i\000n\000i\000t\000e\000\040\000D\000i\000f\000f\000e\000r\000e\000n\000c\000e}{section.3.3}% 28
\BOOKMARK [2][-]{subsection.3.3.2}{\376\377\000S\000p\000e\000c\000t\000r\000a\000l\000\040\000E\000l\000e\000m\000e\000n\000t}{section.3.3}% 29
\BOOKMARK [2][-]{subsection.3.3.3}{\376\377\000F\000i\000n\000i\000t\000e\000\040\000E\000l\000e\000m\000e\000n\000t}{section.3.3}% 30
\BOOKMARK [1][-]{section.3.4}{\376\377\000S\000p\000e\000c\000t\000r\000a\000l\000\040\000P\000o\000l\000l\000u\000t\000i\000o\000n\000\040\000a\000n\000d\000\040\000S\000p\000u\000r\000i\000o\000u\000s\000\040\000M\000o\000d\000e\000s}{chapter.3}% 31
\BOOKMARK [2][-]{subsection.3.4.1}{\376\377\000F\000i\000n\000i\000t\000e\000\040\000D\000i\000f\000f\000e\000r\000e\000n\000c\000e\000\040\000D\000i\000s\000c\000r\000e\000t\000i\000z\000a\000t\000i\000o\000n\000\040\000o\000f\000\040\000O\000p\000e\000r\000a\000t\000o\000r\000s}{section.3.4}% 32
\BOOKMARK [2][-]{subsection.3.4.2}{\376\377\000A\000n\000a\000l\000y\000s\000i\000s\000\040\000o\000f\000\040\000N\000u\000m\000e\000r\000i\000c\000a\000l\000\040\000S\000p\000e\000c\000t\000r\000u\000m}{section.3.4}% 33
\BOOKMARK [0][-]{chapter.4}{\376\377\000S\000i\000n\000g\000u\000l\000a\000r\000\040\000P\000e\000r\000t\000u\000r\000b\000a\000t\000i\000o\000n}{}% 34
\BOOKMARK [1][-]{section.4.1}{\376\377\000P\000r\000e\000s\000e\000n\000c\000e\000\040\000o\000f\000\040\000S\000i\000n\000g\000u\000l\000a\000r\000i\000t\000y\000\040\000i\000n\000\040\000T\000r\000a\000n\000s\000o\000n\000i\000c\000\040\000c\000a\000s\000e\000s}{chapter.4}% 35
\BOOKMARK [1][-]{section.4.2}{\376\377\000C\000o\000n\000n\000e\000c\000t\000i\000o\000n\000\040\000o\000f\000\040\000S\000i\000n\000g\000u\000l\000a\000r\000i\000t\000y\000\040\000t\000o\000\040\000B\000l\000a\000c\000k\000\040\000H\000o\000l\000e}{chapter.4}% 36
\BOOKMARK [2][-]{subsection.4.2.1}{\376\377\000A\000c\000o\000u\000s\000t\000i\000c\000\040\000A\000n\000a\000l\000o\000g\000\040\000t\000o\000\040\000T\000o\000r\000t\000o\000i\000s\000e\000\040\000C\000o\000o\000r\000d\000i\000n\000a\000t\000e}{section.4.2}% 37
\BOOKMARK [1][-]{section.4.3}{\376\377\000S\000i\000n\000g\000u\000l\000a\000r\000\040\000P\000e\000r\000t\000u\000r\000b\000a\000t\000i\000o\000n\000\040\000P\000r\000o\000b\000l\000e\000m}{chapter.4}% 38
\BOOKMARK [1][-]{section.4.4}{\376\377\000E\000x\000p\000a\000n\000s\000i\000o\000n\000\040\000a\000t\000\040\000S\000i\000n\000g\000u\000l\000a\000r\000i\000t\000y}{chapter.4}% 39
\BOOKMARK [1][-]{section.4.5}{\376\377\000S\000h\000o\000o\000t\000i\000n\000g\000\040\000M\000e\000t\000h\000o\000d}{chapter.4}% 40
\BOOKMARK [0][-]{chapter.5}{\376\377\000N\000u\000m\000e\000r\000i\000c\000a\000l\000\040\000E\000x\000p\000e\000r\000i\000m\000e\000n\000t\000s}{}% 41
\BOOKMARK [1][-]{section.5.1}{\376\377\000C\000o\000n\000s\000t\000a\000n\000t\000\040\000V\000e\000l\000o\000c\000i\000t\000y\000\040\000C\000a\000s\000e}{chapter.5}% 42
\BOOKMARK [2][-]{subsection.5.1.1}{\376\377\000D\000i\000r\000i\000c\000h\000l\000e\000t\000\040\000B\000o\000u\000n\000d\000a\000r\000y}{section.5.1}% 43
\BOOKMARK [2][-]{subsection.5.1.2}{\376\377\000F\000i\000x\000e\000d\000-\000O\000p\000e\000n\000\040\000B\000o\000u\000n\000d\000a\000r\000y}{section.5.1}% 44
\BOOKMARK [1][-]{section.5.2}{\376\377\000S\000u\000b\000s\000o\000n\000i\000c\000\040\000C\000a\000s\000e}{chapter.5}% 45
\BOOKMARK [2][-]{subsection.5.2.1}{\376\377\000D\000i\000r\000i\000c\000h\000l\000e\000t\000\040\000B\000o\000u\000n\000d\000a\000r\000y}{section.5.2}% 46
\BOOKMARK [2][-]{subsection.5.2.2}{\376\377\000F\000i\000x\000e\000d\000-\000O\000p\000e\000n\000\040\000B\000o\000u\000n\000d\000a\000r\000y}{section.5.2}% 47
\BOOKMARK [1][-]{section.5.3}{\376\377\000S\000u\000p\000e\000r\000s\000o\000n\000i\000c\000\040\000C\000a\000s\000e}{chapter.5}% 48
\BOOKMARK [2][-]{subsection.5.3.1}{\376\377\000D\000i\000r\000i\000c\000h\000l\000e\000t\000\040\000B\000o\000u\000n\000d\000a\000r\000y}{section.5.3}% 49
\BOOKMARK [2][-]{subsection.5.3.2}{\376\377\000F\000i\000x\000e\000d\000-\000O\000p\000e\000n\000\040\000B\000o\000u\000n\000d\000a\000r\000y}{section.5.3}% 50
\BOOKMARK [1][-]{section.5.4}{\376\377\000A\000c\000c\000e\000l\000e\000r\000a\000t\000i\000n\000g\000\040\000C\000a\000s\000e}{chapter.5}% 51
\BOOKMARK [0][-]{chapter.6}{\376\377\000D\000i\000s\000c\000u\000s\000s\000i\000o\000n}{}% 52
\BOOKMARK [1][-]{section.6.1}{\376\377\000I\000m\000p\000l\000i\000c\000a\000t\000i\000o\000n\000s\000\040\000o\000f\000\040\000t\000h\000e\000\040\000R\000e\000s\000u\000l\000t\000s}{chapter.6}% 53
\BOOKMARK [1][-]{section.6.2}{\376\377\000L\000i\000m\000i\000t\000a\000t\000i\000o\000n\000s\000\040\000o\000f\000\040\000t\000h\000e\000\040\000m\000e\000t\000h\000o\000d\000s}{chapter.6}% 54
\BOOKMARK [2][-]{subsection.6.2.1}{\376\377\000S\000p\000e\000c\000t\000r\000a\000l\000\040\000M\000e\000t\000h\000o\000d}{section.6.2}% 55
\BOOKMARK [2][-]{subsection.6.2.2}{\376\377\000S\000h\000o\000o\000t\000i\000n\000g\000\040\000M\000e\000t\000h\000o\000d}{section.6.2}% 56
\BOOKMARK [1][-]{section.6.3}{\376\377\000C\000o\000n\000c\000l\000u\000s\000i\000o\000n}{chapter.6}% 57
\BOOKMARK [0][-]{appendix.A}{\376\377\000L\000a\000m\000b\000e\000r\000t\000\040\000W\000\040\000F\000u\000n\000c\000t\000i\000o\000n}{}% 58
\BOOKMARK [0][-]{appendix.B}{\376\377\000V\000e\000r\000i\000f\000i\000c\000a\000t\000i\000o\000n\000\040\000o\000f\000\040\000A\000n\000a\000l\000y\000t\000i\000c\000a\000l\000\040\000S\000o\000l\000u\000t\000i\000o\000n\000s}{}% 59
